android/app/build/intermediates/manifest_merge_blame_file/release/manifest-merger-blame-release-report.txt
1<?xml version="1.0" encoding="utf-8"?>
2<manifest xmlns:android="http://schemas.android.com/apk/res/android"
3    package="com.example.flutter_skin_cancer"
4    android:versionCode="1"
5    android:versionName="1.0" >
6
7    <uses-sdk
8        android:minSdkVersion="23"
9        android:targetSdkVersion="35" />
10
11    <!--
12         Required to query activities that can process text, see:
13         https://developer.android.com/training/package-visibility and
14         https://developer.android.com/reference/android/content/Intent#ACTION_PROCESS_TEXT.
15
16         In particular, this is used by the Flutter engine in io.flutter.plugin.text.ProcessTextPlugin.
17    -->
18    <queries>
18-->src\main\AndroidManifest.xml:53:5-58:15
19        <intent>
19-->src\main\AndroidManifest.xml:54:9-57:18
20            <action android:name="android.intent.action.PROCESS_TEXT" />
20-->src\main\AndroidManifest.xml:55:13-72
20-->src\main\AndroidManifest.xml:55:21-70
21
22            <data android:mimeType="text/plain" />
22-->src\main\AndroidManifest.xml:56:13-50
22-->src\main\AndroidManifest.xml:56:19-48
23        </intent>
24    </queries>
25
26    <uses-permission android:name="android.permission.INTERNET" />
26-->[:firebase_messaging] AndroidManifest.xml:7:5-67
26-->[:firebase_messaging] AndroidManifest.xml:7:22-64
27    <uses-permission android:name="android.permission.WAKE_LOCK" />
27-->[:firebase_messaging] AndroidManifest.xml:8:5-68
27-->[:firebase_messaging] AndroidManifest.xml:8:22-65
28    <uses-permission android:name="android.permission.ACCESS_NETWORK_STATE" /> <!-- Permissions options for the `notification` group -->
28-->[:firebase_messaging] AndroidManifest.xml:9:5-79
28-->[:firebase_messaging] AndroidManifest.xml:9:22-76
29    <uses-permission android:name="android.permission.POST_NOTIFICATIONS" /> <!-- Required by older versions of Google Play services to create IID tokens -->
29-->[:firebase_messaging] AndroidManifest.xml:11:5-77
29-->[:firebase_messaging] AndroidManifest.xml:11:22-74
30    <uses-permission android:name="com.google.android.c2dm.permission.RECEIVE" />
30-->[com.google.firebase:firebase-messaging:24.1.0] AndroidManifest.xml:26:5-82
30-->[com.google.firebase:firebase-messaging:24.1.0] AndroidManifest.xml:26:22-79
31    <uses-permission android:name="com.google.android.providers.gsf.permission.READ_GSERVICES" />
31-->[com.google.android.recaptcha:recaptcha:18.6.1] AndroidManifest.xml:9:5-98
31-->[com.google.android.recaptcha:recaptcha:18.6.1] AndroidManifest.xml:9:22-95
32
33    <permission
33-->[androidx.core:core:1.13.1] AndroidManifest.xml:22:5-24:47
34        android:name="com.example.flutter_skin_cancer.DYNAMIC_RECEIVER_NOT_EXPORTED_PERMISSION"
34-->[androidx.core:core:1.13.1] AndroidManifest.xml:23:9-81
35        android:protectionLevel="signature" />
35-->[androidx.core:core:1.13.1] AndroidManifest.xml:24:9-44
36
37    <uses-permission android:name="com.example.flutter_skin_cancer.DYNAMIC_RECEIVER_NOT_EXPORTED_PERMISSION" />
37-->[androidx.core:core:1.13.1] AndroidManifest.xml:26:5-97
37-->[androidx.core:core:1.13.1] AndroidManifest.xml:26:22-94
38
39    <application
40        android:name="android.app.Application"
40-->src\main\AndroidManifest.xml:4:9-42
41        android:appComponentFactory="androidx.core.app.CoreComponentFactory"
41-->[androidx.core:core:1.13.1] AndroidManifest.xml:28:18-86
42        android:enableOnBackInvokedCallback="true"
42-->src\main\AndroidManifest.xml:7:9-51
43        android:extractNativeLibs="false"
44        android:icon="@mipmap/ic_launcher"
44-->src\main\AndroidManifest.xml:5:9-43
45        android:label="flutter_skin_cancer"
45-->src\main\AndroidManifest.xml:3:9-44
46        android:usesCleartextTraffic="true" > <!-- ✅ Added this line -->
46-->src\main\AndroidManifest.xml:6:9-44
47
48        <activity
48-->src\main\AndroidManifest.xml:9:9-32:20
49            android:name="com.example.flutter_skin_cancer.MainActivity"
49-->src\main\AndroidManifest.xml:10:13-41
50            android:configChanges="orientation|keyboardHidden|keyboard|screenSize|smallestScreenSize|locale|layoutDirection|fontScale|screenLayout|density|uiMode"
50-->src\main\AndroidManifest.xml:15:13-163
51            android:exported="true"
51-->src\main\AndroidManifest.xml:11:13-36
52            android:hardwareAccelerated="true"
52-->src\main\AndroidManifest.xml:16:13-47
53            android:launchMode="singleTop"
53-->src\main\AndroidManifest.xml:12:13-43
54            android:taskAffinity=""
54-->src\main\AndroidManifest.xml:13:13-36
55            android:theme="@style/LaunchTheme"
55-->src\main\AndroidManifest.xml:14:13-47
56            android:windowSoftInputMode="adjustResize" >
56-->src\main\AndroidManifest.xml:17:13-55
57
58            <!--
59                 Specifies an Android theme to apply to this Activity as soon as
60                 the Android process has started. This theme is visible to the user
61                 while the Flutter UI initializes. After that, this theme continues
62                 to determine the Window background behind the Flutter UI.
63            -->
64            <meta-data
64-->src\main\AndroidManifest.xml:23:13-26:15
65                android:name="io.flutter.embedding.android.NormalTheme"
65-->src\main\AndroidManifest.xml:24:17-72
66                android:resource="@style/NormalTheme" />
66-->src\main\AndroidManifest.xml:25:17-54
67
68            <intent-filter>
68-->src\main\AndroidManifest.xml:28:13-31:29
69                <action android:name="android.intent.action.MAIN" />
69-->src\main\AndroidManifest.xml:29:17-68
69-->src\main\AndroidManifest.xml:29:25-66
70
71                <category android:name="android.intent.category.LAUNCHER" />
71-->src\main\AndroidManifest.xml:30:17-76
71-->src\main\AndroidManifest.xml:30:27-74
72            </intent-filter>
73        </activity>
74
75        <!-- UCropActivity for Image Cropper -->
76        <activity
76-->src\main\AndroidManifest.xml:35:9-38:71
77            android:name="com.yalantis.ucrop.UCropActivity"
77-->src\main\AndroidManifest.xml:36:13-60
78            android:screenOrientation="portrait"
78-->src\main\AndroidManifest.xml:37:13-49
79            android:theme="@style/Theme.AppCompat.Light.NoActionBar" />
79-->src\main\AndroidManifest.xml:38:13-69
80
81        <!--
82             Don't delete the meta-data below.
83             This is used by the Flutter tool to generate GeneratedPluginRegistrant.java
84        -->
85        <meta-data
85-->src\main\AndroidManifest.xml:42:9-45:11
86            android:name="flutterEmbedding"
86-->src\main\AndroidManifest.xml:43:13-44
87            android:value="2" />
87-->src\main\AndroidManifest.xml:44:13-30
88
89        <provider
89-->[:image_picker_android] AndroidManifest.xml:9:9-17:20
90            android:name="io.flutter.plugins.imagepicker.ImagePickerFileProvider"
90-->[:image_picker_android] AndroidManifest.xml:10:13-82
91            android:authorities="com.example.flutter_skin_cancer.flutter.image_provider"
91-->[:image_picker_android] AndroidManifest.xml:11:13-74
92            android:exported="false"
92-->[:image_picker_android] AndroidManifest.xml:12:13-37
93            android:grantUriPermissions="true" >
93-->[:image_picker_android] AndroidManifest.xml:13:13-47
94            <meta-data
94-->[:image_picker_android] AndroidManifest.xml:14:13-16:75
95                android:name="android.support.FILE_PROVIDER_PATHS"
95-->[:image_picker_android] AndroidManifest.xml:15:17-67
96                android:resource="@xml/flutter_image_picker_file_paths" />
96-->[:image_picker_android] AndroidManifest.xml:16:17-72
97        </provider> <!-- Trigger Google Play services to install the backported photo picker module. -->
98        <service
98-->[:image_picker_android] AndroidManifest.xml:19:9-31:19
99            android:name="com.google.android.gms.metadata.ModuleDependencies"
99-->[:image_picker_android] AndroidManifest.xml:20:13-78
100            android:enabled="false"
100-->[:image_picker_android] AndroidManifest.xml:21:13-36
101            android:exported="false" >
101-->[:image_picker_android] AndroidManifest.xml:22:13-37
102            <intent-filter>
102-->[:image_picker_android] AndroidManifest.xml:24:13-26:29
103                <action android:name="com.google.android.gms.metadata.MODULE_DEPENDENCIES" />
103-->[:image_picker_android] AndroidManifest.xml:25:17-94
103-->[:image_picker_android] AndroidManifest.xml:25:25-91
104            </intent-filter>
105
106            <meta-data
106-->[:image_picker_android] AndroidManifest.xml:28:13-30:36
107                android:name="photopicker_activity:0:required"
107-->[:image_picker_android] AndroidManifest.xml:29:17-63
108                android:value="" />
108-->[:image_picker_android] AndroidManifest.xml:30:17-33
109        </service>
110        <service
110-->[:cloud_firestore] AndroidManifest.xml:8:9-12:19
111            android:name="com.google.firebase.components.ComponentDiscoveryService"
111-->[:cloud_firestore] AndroidManifest.xml:8:18-89
112            android:directBootAware="true"
112-->[com.google.firebase:firebase-common:21.0.0] AndroidManifest.xml:32:13-43
113            android:exported="false" >
113-->[com.google.firebase:firebase-auth:23.2.0] AndroidManifest.xml:68:13-37
114            <meta-data
114-->[:cloud_firestore] AndroidManifest.xml:9:13-11:85
115                android:name="com.google.firebase.components:io.flutter.plugins.firebase.firestore.FlutterFirebaseFirestoreRegistrar"
115-->[:cloud_firestore] AndroidManifest.xml:10:17-134
116                android:value="com.google.firebase.components.ComponentRegistrar" />
116-->[:cloud_firestore] AndroidManifest.xml:11:17-82
117            <meta-data
117-->[:firebase_auth] AndroidManifest.xml:9:13-11:85
118                android:name="com.google.firebase.components:io.flutter.plugins.firebase.auth.FlutterFirebaseAuthRegistrar"
118-->[:firebase_auth] AndroidManifest.xml:10:17-124
119                android:value="com.google.firebase.components.ComponentRegistrar" />
119-->[:firebase_auth] AndroidManifest.xml:11:17-82
120            <meta-data
120-->[:firebase_messaging] AndroidManifest.xml:36:13-38:85
121                android:name="com.google.firebase.components:io.flutter.plugins.firebase.messaging.FlutterFirebaseAppRegistrar"
121-->[:firebase_messaging] AndroidManifest.xml:37:17-128
122                android:value="com.google.firebase.components.ComponentRegistrar" />
122-->[:firebase_messaging] AndroidManifest.xml:38:17-82
123            <meta-data
123-->[:firebase_storage] AndroidManifest.xml:9:13-11:85
124                android:name="com.google.firebase.components:io.flutter.plugins.firebase.storage.FlutterFirebaseAppRegistrar"
124-->[:firebase_storage] AndroidManifest.xml:10:17-126
125                android:value="com.google.firebase.components.ComponentRegistrar" />
125-->[:firebase_storage] AndroidManifest.xml:11:17-82
126            <meta-data
126-->[:firebase_core] AndroidManifest.xml:9:13-11:85
127                android:name="com.google.firebase.components:io.flutter.plugins.firebase.core.FlutterFirebaseCoreRegistrar"
127-->[:firebase_core] AndroidManifest.xml:10:17-124
128                android:value="com.google.firebase.components.ComponentRegistrar" />
128-->[:firebase_core] AndroidManifest.xml:11:17-82
129            <meta-data
129-->[com.google.firebase:firebase-auth:23.2.0] AndroidManifest.xml:69:13-71:85
130                android:name="com.google.firebase.components:com.google.firebase.auth.FirebaseAuthRegistrar"
130-->[com.google.firebase:firebase-auth:23.2.0] AndroidManifest.xml:70:17-109
131                android:value="com.google.firebase.components.ComponentRegistrar" />
131-->[com.google.firebase:firebase-auth:23.2.0] AndroidManifest.xml:71:17-82
132            <meta-data
132-->[com.google.firebase:firebase-firestore:25.1.2] AndroidManifest.xml:17:13-19:85
133                android:name="com.google.firebase.components:com.google.firebase.firestore.FirebaseFirestoreKtxRegistrar"
133-->[com.google.firebase:firebase-firestore:25.1.2] AndroidManifest.xml:18:17-122
134                android:value="com.google.firebase.components.ComponentRegistrar" />
134-->[com.google.firebase:firebase-firestore:25.1.2] AndroidManifest.xml:19:17-82
135            <meta-data
135-->[com.google.firebase:firebase-firestore:25.1.2] AndroidManifest.xml:20:13-22:85
136                android:name="com.google.firebase.components:com.google.firebase.firestore.FirestoreRegistrar"
136-->[com.google.firebase:firebase-firestore:25.1.2] AndroidManifest.xml:21:17-111
137                android:value="com.google.firebase.components.ComponentRegistrar" />
137-->[com.google.firebase:firebase-firestore:25.1.2] AndroidManifest.xml:22:17-82
138            <meta-data
138-->[com.google.firebase:firebase-messaging:24.1.0] AndroidManifest.xml:57:13-59:85
139                android:name="com.google.firebase.components:com.google.firebase.messaging.FirebaseMessagingKtxRegistrar"
139-->[com.google.firebase:firebase-messaging:24.1.0] AndroidManifest.xml:58:17-122
140                android:value="com.google.firebase.components.ComponentRegistrar" />
140-->[com.google.firebase:firebase-messaging:24.1.0] AndroidManifest.xml:59:17-82
141            <meta-data
141-->[com.google.firebase:firebase-messaging:24.1.0] AndroidManifest.xml:60:13-62:85
142                android:name="com.google.firebase.components:com.google.firebase.messaging.FirebaseMessagingRegistrar"
142-->[com.google.firebase:firebase-messaging:24.1.0] AndroidManifest.xml:61:17-119
143                android:value="com.google.firebase.components.ComponentRegistrar" />
143-->[com.google.firebase:firebase-messaging:24.1.0] AndroidManifest.xml:62:17-82
144            <meta-data
144-->[com.google.firebase:firebase-storage:21.0.1] AndroidManifest.xml:30:13-32:85
145                android:name="com.google.firebase.components:com.google.firebase.storage.FirebaseStorageKtxRegistrar"
145-->[com.google.firebase:firebase-storage:21.0.1] AndroidManifest.xml:31:17-118
146                android:value="com.google.firebase.components.ComponentRegistrar" />
146-->[com.google.firebase:firebase-storage:21.0.1] AndroidManifest.xml:32:17-82
147            <meta-data
147-->[com.google.firebase:firebase-storage:21.0.1] AndroidManifest.xml:33:13-35:85
148                android:name="com.google.firebase.components:com.google.firebase.storage.StorageRegistrar"
148-->[com.google.firebase:firebase-storage:21.0.1] AndroidManifest.xml:34:17-107
149                android:value="com.google.firebase.components.ComponentRegistrar" />
149-->[com.google.firebase:firebase-storage:21.0.1] AndroidManifest.xml:35:17-82
150            <meta-data
150-->[com.google.firebase:firebase-installations:18.0.0] AndroidManifest.xml:15:13-17:85
151                android:name="com.google.firebase.components:com.google.firebase.installations.FirebaseInstallationsKtxRegistrar"
151-->[com.google.firebase:firebase-installations:18.0.0] AndroidManifest.xml:16:17-130
152                android:value="com.google.firebase.components.ComponentRegistrar" />
152-->[com.google.firebase:firebase-installations:18.0.0] AndroidManifest.xml:17:17-82
153            <meta-data
153-->[com.google.firebase:firebase-installations:18.0.0] AndroidManifest.xml:18:13-20:85
154                android:name="com.google.firebase.components:com.google.firebase.installations.FirebaseInstallationsRegistrar"
154-->[com.google.firebase:firebase-installations:18.0.0] AndroidManifest.xml:19:17-127
155                android:value="com.google.firebase.components.ComponentRegistrar" />
155-->[com.google.firebase:firebase-installations:18.0.0] AndroidManifest.xml:20:17-82
156            <meta-data
156-->[com.google.firebase:firebase-appcheck:18.0.0] AndroidManifest.xml:25:13-27:85
157                android:name="com.google.firebase.components:com.google.firebase.appcheck.FirebaseAppCheckKtxRegistrar"
157-->[com.google.firebase:firebase-appcheck:18.0.0] AndroidManifest.xml:26:17-120
158                android:value="com.google.firebase.components.ComponentRegistrar" />
158-->[com.google.firebase:firebase-appcheck:18.0.0] AndroidManifest.xml:27:17-82
159            <meta-data
159-->[com.google.firebase:firebase-appcheck:18.0.0] AndroidManifest.xml:28:13-30:85
160                android:name="com.google.firebase.components:com.google.firebase.appcheck.FirebaseAppCheckRegistrar"
160-->[com.google.firebase:firebase-appcheck:18.0.0] AndroidManifest.xml:29:17-117
161                android:value="com.google.firebase.components.ComponentRegistrar" />
161-->[com.google.firebase:firebase-appcheck:18.0.0] AndroidManifest.xml:30:17-82
162            <meta-data
162-->[com.google.firebase:firebase-common-ktx:21.0.0] AndroidManifest.xml:12:13-14:85
163                android:name="com.google.firebase.components:com.google.firebase.ktx.FirebaseCommonLegacyRegistrar"
163-->[com.google.firebase:firebase-common-ktx:21.0.0] AndroidManifest.xml:13:17-116
164                android:value="com.google.firebase.components.ComponentRegistrar" />
164-->[com.google.firebase:firebase-common-ktx:21.0.0] AndroidManifest.xml:14:17-82
165            <meta-data
165-->[com.google.firebase:firebase-common:21.0.0] AndroidManifest.xml:35:13-37:85
166                android:name="com.google.firebase.components:com.google.firebase.FirebaseCommonKtxRegistrar"
166-->[com.google.firebase:firebase-common:21.0.0] AndroidManifest.xml:36:17-109
167                android:value="com.google.firebase.components.ComponentRegistrar" />
167-->[com.google.firebase:firebase-common:21.0.0] AndroidManifest.xml:37:17-82
168            <meta-data
168-->[com.google.firebase:firebase-datatransport:18.2.0] AndroidManifest.xml:25:13-27:85
169                android:name="com.google.firebase.components:com.google.firebase.datatransport.TransportRegistrar"
169-->[com.google.firebase:firebase-datatransport:18.2.0] AndroidManifest.xml:26:17-115
170                android:value="com.google.firebase.components.ComponentRegistrar" />
170-->[com.google.firebase:firebase-datatransport:18.2.0] AndroidManifest.xml:27:17-82
171        </service>
172        <service
172-->[:firebase_messaging] AndroidManifest.xml:14:9-17:72
173            android:name="io.flutter.plugins.firebase.messaging.FlutterFirebaseMessagingBackgroundService"
173-->[:firebase_messaging] AndroidManifest.xml:15:13-107
174            android:exported="false"
174-->[:firebase_messaging] AndroidManifest.xml:16:13-37
175            android:permission="android.permission.BIND_JOB_SERVICE" />
175-->[:firebase_messaging] AndroidManifest.xml:17:13-69
176        <service
176-->[:firebase_messaging] AndroidManifest.xml:18:9-24:19
177            android:name="io.flutter.plugins.firebase.messaging.FlutterFirebaseMessagingService"
177-->[:firebase_messaging] AndroidManifest.xml:19:13-97
178            android:exported="false" >
178-->[:firebase_messaging] AndroidManifest.xml:20:13-37
179            <intent-filter>
179-->[:firebase_messaging] AndroidManifest.xml:21:13-23:29
180                <action android:name="com.google.firebase.MESSAGING_EVENT" />
180-->[:firebase_messaging] AndroidManifest.xml:22:17-78
180-->[:firebase_messaging] AndroidManifest.xml:22:25-75
181            </intent-filter>
182        </service>
183
184        <receiver
184-->[:firebase_messaging] AndroidManifest.xml:26:9-33:20
185            android:name="io.flutter.plugins.firebase.messaging.FlutterFirebaseMessagingReceiver"
185-->[:firebase_messaging] AndroidManifest.xml:27:13-98
186            android:exported="true"
186-->[:firebase_messaging] AndroidManifest.xml:28:13-36
187            android:permission="com.google.android.c2dm.permission.SEND" >
187-->[:firebase_messaging] AndroidManifest.xml:29:13-73
188            <intent-filter>
188-->[:firebase_messaging] AndroidManifest.xml:30:13-32:29
189                <action android:name="com.google.android.c2dm.intent.RECEIVE" />
189-->[:firebase_messaging] AndroidManifest.xml:31:17-81
189-->[:firebase_messaging] AndroidManifest.xml:31:25-78
190            </intent-filter>
191        </receiver>
192
193        <provider
193-->[:firebase_messaging] AndroidManifest.xml:41:9-45:38
194            android:name="io.flutter.plugins.firebase.messaging.FlutterFirebaseMessagingInitProvider"
194-->[:firebase_messaging] AndroidManifest.xml:42:13-102
195            android:authorities="com.example.flutter_skin_cancer.flutterfirebasemessaginginitprovider"
195-->[:firebase_messaging] AndroidManifest.xml:43:13-88
196            android:exported="false"
196-->[:firebase_messaging] AndroidManifest.xml:44:13-37
197            android:initOrder="99" />
197-->[:firebase_messaging] AndroidManifest.xml:45:13-35
198
199        <activity
199-->[com.google.firebase:firebase-auth:23.2.0] AndroidManifest.xml:29:9-46:20
200            android:name="com.google.firebase.auth.internal.GenericIdpActivity"
200-->[com.google.firebase:firebase-auth:23.2.0] AndroidManifest.xml:30:13-80
201            android:excludeFromRecents="true"
201-->[com.google.firebase:firebase-auth:23.2.0] AndroidManifest.xml:31:13-46
202            android:exported="true"
202-->[com.google.firebase:firebase-auth:23.2.0] AndroidManifest.xml:32:13-36
203            android:launchMode="singleTask"
203-->[com.google.firebase:firebase-auth:23.2.0] AndroidManifest.xml:33:13-44
204            android:theme="@android:style/Theme.Translucent.NoTitleBar" >
204-->[com.google.firebase:firebase-auth:23.2.0] AndroidManifest.xml:34:13-72
205            <intent-filter>
205-->[com.google.firebase:firebase-auth:23.2.0] AndroidManifest.xml:35:13-45:29
206                <action android:name="android.intent.action.VIEW" />
206-->[com.google.firebase:firebase-auth:23.2.0] AndroidManifest.xml:36:17-69
206-->[com.google.firebase:firebase-auth:23.2.0] AndroidManifest.xml:36:25-66
207
208                <category android:name="android.intent.category.DEFAULT" />
208-->[com.google.firebase:firebase-auth:23.2.0] AndroidManifest.xml:38:17-76
208-->[com.google.firebase:firebase-auth:23.2.0] AndroidManifest.xml:38:27-73
209                <category android:name="android.intent.category.BROWSABLE" />
209-->[com.google.firebase:firebase-auth:23.2.0] AndroidManifest.xml:39:17-78
209-->[com.google.firebase:firebase-auth:23.2.0] AndroidManifest.xml:39:27-75
210
211                <data
211-->src\main\AndroidManifest.xml:56:13-50
212                    android:host="firebase.auth"
213                    android:path="/"
214                    android:scheme="genericidp" />
215            </intent-filter>
216        </activity>
217        <activity
217-->[com.google.firebase:firebase-auth:23.2.0] AndroidManifest.xml:47:9-64:20
218            android:name="com.google.firebase.auth.internal.RecaptchaActivity"
218-->[com.google.firebase:firebase-auth:23.2.0] AndroidManifest.xml:48:13-79
219            android:excludeFromRecents="true"
219-->[com.google.firebase:firebase-auth:23.2.0] AndroidManifest.xml:49:13-46
220            android:exported="true"
220-->[com.google.firebase:firebase-auth:23.2.0] AndroidManifest.xml:50:13-36
221            android:launchMode="singleTask"
221-->[com.google.firebase:firebase-auth:23.2.0] AndroidManifest.xml:51:13-44
222            android:theme="@android:style/Theme.Translucent.NoTitleBar" >
222-->[com.google.firebase:firebase-auth:23.2.0] AndroidManifest.xml:52:13-72
223            <intent-filter>
223-->[com.google.firebase:firebase-auth:23.2.0] AndroidManifest.xml:53:13-63:29
224                <action android:name="android.intent.action.VIEW" />
224-->[com.google.firebase:firebase-auth:23.2.0] AndroidManifest.xml:36:17-69
224-->[com.google.firebase:firebase-auth:23.2.0] AndroidManifest.xml:36:25-66
225
226                <category android:name="android.intent.category.DEFAULT" />
226-->[com.google.firebase:firebase-auth:23.2.0] AndroidManifest.xml:38:17-76
226-->[com.google.firebase:firebase-auth:23.2.0] AndroidManifest.xml:38:27-73
227                <category android:name="android.intent.category.BROWSABLE" />
227-->[com.google.firebase:firebase-auth:23.2.0] AndroidManifest.xml:39:17-78
227-->[com.google.firebase:firebase-auth:23.2.0] AndroidManifest.xml:39:27-75
228
229                <data
229-->src\main\AndroidManifest.xml:56:13-50
230                    android:host="firebase.auth"
231                    android:path="/"
232                    android:scheme="recaptcha" />
233            </intent-filter>
234        </activity>
235
236        <service
236-->[androidx.credentials:credentials-play-services-auth:1.2.0-rc01] AndroidManifest.xml:24:9-32:19
237            android:name="androidx.credentials.playservices.CredentialProviderMetadataHolder"
237-->[androidx.credentials:credentials-play-services-auth:1.2.0-rc01] AndroidManifest.xml:25:13-94
238            android:enabled="true"
238-->[androidx.credentials:credentials-play-services-auth:1.2.0-rc01] AndroidManifest.xml:26:13-35
239            android:exported="false" >
239-->[androidx.credentials:credentials-play-services-auth:1.2.0-rc01] AndroidManifest.xml:27:13-37
240            <meta-data
240-->[androidx.credentials:credentials-play-services-auth:1.2.0-rc01] AndroidManifest.xml:29:13-31:104
241                android:name="androidx.credentials.CREDENTIAL_PROVIDER_KEY"
241-->[androidx.credentials:credentials-play-services-auth:1.2.0-rc01] AndroidManifest.xml:30:17-76
242                android:value="androidx.credentials.playservices.CredentialProviderPlayServicesImpl" />
242-->[androidx.credentials:credentials-play-services-auth:1.2.0-rc01] AndroidManifest.xml:31:17-101
243        </service>
244
245        <activity
245-->[androidx.credentials:credentials-play-services-auth:1.2.0-rc01] AndroidManifest.xml:34:9-41:20
246            android:name="androidx.credentials.playservices.HiddenActivity"
246-->[androidx.credentials:credentials-play-services-auth:1.2.0-rc01] AndroidManifest.xml:35:13-76
247            android:configChanges="orientation|screenSize|screenLayout|keyboardHidden"
247-->[androidx.credentials:credentials-play-services-auth:1.2.0-rc01] AndroidManifest.xml:36:13-87
248            android:enabled="true"
248-->[androidx.credentials:credentials-play-services-auth:1.2.0-rc01] AndroidManifest.xml:37:13-35
249            android:exported="false"
249-->[androidx.credentials:credentials-play-services-auth:1.2.0-rc01] AndroidManifest.xml:38:13-37
250            android:fitsSystemWindows="true"
250-->[androidx.credentials:credentials-play-services-auth:1.2.0-rc01] AndroidManifest.xml:39:13-45
251            android:theme="@style/Theme.Hidden" >
251-->[androidx.credentials:credentials-play-services-auth:1.2.0-rc01] AndroidManifest.xml:40:13-48
252        </activity>
253        <activity
253-->[com.google.android.gms:play-services-auth:21.0.0] AndroidManifest.xml:23:9-27:75
254            android:name="com.google.android.gms.auth.api.signin.internal.SignInHubActivity"
254-->[com.google.android.gms:play-services-auth:21.0.0] AndroidManifest.xml:24:13-93
255            android:excludeFromRecents="true"
255-->[com.google.android.gms:play-services-auth:21.0.0] AndroidManifest.xml:25:13-46
256            android:exported="false"
256-->[com.google.android.gms:play-services-auth:21.0.0] AndroidManifest.xml:26:13-37
257            android:theme="@android:style/Theme.Translucent.NoTitleBar" />
257-->[com.google.android.gms:play-services-auth:21.0.0] AndroidManifest.xml:27:13-72
258        <!--
259            Service handling Google Sign-In user revocation. For apps that do not integrate with
260            Google Sign-In, this service will never be started.
261        -->
262        <service
262-->[com.google.android.gms:play-services-auth:21.0.0] AndroidManifest.xml:33:9-37:51
263            android:name="com.google.android.gms.auth.api.signin.RevocationBoundService"
263-->[com.google.android.gms:play-services-auth:21.0.0] AndroidManifest.xml:34:13-89
264            android:exported="true"
264-->[com.google.android.gms:play-services-auth:21.0.0] AndroidManifest.xml:35:13-36
265            android:permission="com.google.android.gms.auth.api.signin.permission.REVOCATION_NOTIFICATION"
265-->[com.google.android.gms:play-services-auth:21.0.0] AndroidManifest.xml:36:13-107
266            android:visibleToInstantApps="true" />
266-->[com.google.android.gms:play-services-auth:21.0.0] AndroidManifest.xml:37:13-48
267
268        <receiver
268-->[com.google.firebase:firebase-messaging:24.1.0] AndroidManifest.xml:29:9-40:20
269            android:name="com.google.firebase.iid.FirebaseInstanceIdReceiver"
269-->[com.google.firebase:firebase-messaging:24.1.0] AndroidManifest.xml:30:13-78
270            android:exported="true"
270-->[com.google.firebase:firebase-messaging:24.1.0] AndroidManifest.xml:31:13-36
271            android:permission="com.google.android.c2dm.permission.SEND" >
271-->[com.google.firebase:firebase-messaging:24.1.0] AndroidManifest.xml:32:13-73
272            <intent-filter>
272-->[:firebase_messaging] AndroidManifest.xml:30:13-32:29
273                <action android:name="com.google.android.c2dm.intent.RECEIVE" />
273-->[:firebase_messaging] AndroidManifest.xml:31:17-81
273-->[:firebase_messaging] AndroidManifest.xml:31:25-78
274            </intent-filter>
275
276            <meta-data
276-->[com.google.firebase:firebase-messaging:24.1.0] AndroidManifest.xml:37:13-39:40
277                android:name="com.google.android.gms.cloudmessaging.FINISHED_AFTER_HANDLED"
277-->[com.google.firebase:firebase-messaging:24.1.0] AndroidManifest.xml:38:17-92
278                android:value="true" />
278-->[com.google.firebase:firebase-messaging:24.1.0] AndroidManifest.xml:39:17-37
279        </receiver>
280        <!--
281             FirebaseMessagingService performs security checks at runtime,
282             but set to not exported to explicitly avoid allowing another app to call it.
283        -->
284        <service